2021-01-05 00:03:12.837  INFO 1688 --- [Thread-208] j.LocalContainerEntityManagerFactoryBean : Closing JPA EntityManagerFactory for persistence unit 'default'
2021-01-05 00:03:12.842  INFO 1688 --- [Thread-208] o.s.s.concurrent.ThreadPoolTaskExecutor  : Shutting down ExecutorService 'applicationTaskExecutor'
2021-01-05 00:03:12.842  INFO 1688 --- [Thread-208] com.zaxxer.hikari.HikariDataSource       : HikariPool-2 - Shutdown initiated...
2021-01-05 00:03:12.853  INFO 1688 --- [Thread-208] com.zaxxer.hikari.HikariDataSource       : HikariPool-2 - Shutdown completed.
2021-01-05 00:03:13.010  INFO 1688 --- [restartedMain] b.c.d.checkpoint.CheckpointApplication   : Starting CheckpointApplication on DESKTOP-RNP5NKG with PID 1688 (C:\Users\dldjb\Documents\GitHub\checkpoint-back\target\classes started by dldjb in C:\Users\dldjb\Documents\GitHub\checkpoint-back)
2021-01-05 00:03:13.015  INFO 1688 --- [restartedMain] b.c.d.checkpoint.CheckpointApplication   : The following profiles are active: development
2021-01-05 00:03:13.276  INFO 1688 --- [restartedMain] .s.d.r.c.RepositoryConfigurationDelegate : Bootstrapping Spring Data JPA repositories in DEFERRED mode.
2021-01-05 00:03:13.300  INFO 1688 --- [restartedMain] .s.d.r.c.RepositoryConfigurationDelegate : Finished Spring Data repository scanning in 23ms. Found 2 JPA repository interfaces.
2021-01-05 00:03:13.355  INFO 1688 --- [restartedMain] trationDelegate$BeanPostProcessorChecker : Bean 'org.springframework.security.access.expression.method.DefaultMethodSecurityExpressionHandler@99e6fad' of type [org.springframework.security.access.expression.method.DefaultMethodSecurityExpressionHandler] is not eligible for getting processed by all BeanPostProcessors (for example: not eligible for auto-proxying)
2021-01-05 00:03:13.356  INFO 1688 --- [restartedMain] trationDelegate$BeanPostProcessorChecker : Bean 'methodSecurityMetadataSource' of type [org.springframework.security.access.method.DelegatingMethodSecurityMetadataSource] is not eligible for getting processed by all BeanPostProcessors (for example: not eligible for auto-proxying)
2021-01-05 00:03:13.429  INFO 1688 --- [restartedMain] o.s.b.w.embedded.tomcat.TomcatWebServer  : Tomcat initialized with port(s): 9100 (http)
2021-01-05 00:03:13.429  INFO 1688 --- [restartedMain] o.apache.catalina.core.StandardService   : Starting service [Tomcat]
2021-01-05 00:03:13.430  INFO 1688 --- [restartedMain] org.apache.catalina.core.StandardEngine  : Starting Servlet engine: [Apache Tomcat/9.0.35]
2021-01-05 00:03:13.440  INFO 1688 --- [restartedMain] o.a.c.c.C.[Tomcat].[localhost].[/]       : Initializing Spring embedded WebApplicationContext
2021-01-05 00:03:13.440  INFO 1688 --- [restartedMain] o.s.web.context.ContextLoader            : Root WebApplicationContext: initialization completed in 421 ms
2021-01-05 00:03:13.479  INFO 1688 --- [restartedMain] o.s.s.concurrent.ThreadPoolTaskExecutor  : Initializing ExecutorService 'applicationTaskExecutor'
2021-01-05 00:03:13.488  INFO 1688 --- [task-1] o.hibernate.jpa.internal.util.LogHelper  : HHH000204: Processing PersistenceUnitInfo [name: default]
2021-01-05 00:03:13.494  INFO 1688 --- [task-1] com.zaxxer.hikari.HikariDataSource       : HikariPool-3 - Starting...
2021-01-05 00:03:13.500  INFO 1688 --- [task-1] com.zaxxer.hikari.HikariDataSource       : HikariPool-3 - Start completed.
2021-01-05 00:03:13.500  INFO 1688 --- [task-1] org.hibernate.dialect.Dialect            : HHH000400: Using dialect: org.hibernate.dialect.MariaDB103Dialect
2021-01-05 00:03:13.519  WARN 1688 --- [restartedMain] JpaBaseConfiguration$JpaWebConfiguration : spring.jpa.open-in-view is enabled by default. Therefore, database queries may be performed during view rendering. Explicitly configure spring.jpa.open-in-view to disable this warning
2021-01-05 00:03:13.553  INFO 1688 --- [task-1] j.LocalContainerEntityManagerFactoryBean : Initialized JPA EntityManagerFactory for persistence unit 'default'
2021-01-05 00:03:13.558  INFO 1688 --- [task-2] o.s.b.d.a.OptionalLiveReloadServer       : LiveReload server is running on port 35729
2021-01-05 00:03:13.578  INFO 1688 --- [restartedMain] o.s.s.web.DefaultSecurityFilterChain     : Creating filter chain: any request, [org.springframework.security.web.context.request.async.WebAsyncManagerIntegrationFilter@7d4ac938, org.springframework.security.web.context.SecurityContextPersistenceFilter@88bb46, org.springframework.security.web.header.HeaderWriterFilter@116d9f41, org.springframework.web.filter.CorsFilter@2aabdced, org.springframework.security.web.authentication.logout.LogoutFilter@3a3fed93, org.springframework.security.web.savedrequest.RequestCacheAwareFilter@1f306621, org.springframework.security.web.servletapi.SecurityContextHolderAwareRequestFilter@62da6511, org.springframework.security.web.authentication.AnonymousAuthenticationFilter@12fa730f, org.springframework.security.web.session.SessionManagementFilter@3385cd4c, org.springframework.security.web.access.ExceptionTranslationFilter@7730a9c, org.springframework.security.web.access.intercept.FilterSecurityInterceptor@4bf9620]
2021-01-05 00:03:13.715  INFO 1688 --- [restartedMain] o.s.b.w.embedded.tomcat.TomcatWebServer  : Tomcat started on port(s): 9100 (http) with context path ''
2021-01-05 00:03:13.715  INFO 1688 --- [restartedMain] DeferredRepositoryInitializationListener : Triggering deferred initialization of Spring Data repositories…
2021-01-05 00:03:13.746  INFO 1688 --- [restartedMain] DeferredRepositoryInitializationListener : Spring Data repositories initialized!
2021-01-05 00:03:13.747  INFO 1688 --- [restartedMain] b.c.d.checkpoint.CheckpointApplication   : Started CheckpointApplication in 0.765 seconds (JVM running for 1224.744)
2021-01-05 00:03:13.748  INFO 1688 --- [restartedMain] .ConditionEvaluationDeltaLoggingListener : Condition evaluation unchanged
2021-01-05 00:03:35.044  INFO 1688 --- [http-nio-9100-exec-2] o.a.c.c.C.[Tomcat].[localhost].[/]       : Initializing Spring DispatcherServlet 'dispatcherServlet'
2021-01-05 00:03:35.044  INFO 1688 --- [http-nio-9100-exec-2] o.s.web.servlet.DispatcherServlet        : Initializing Servlet 'dispatcherServlet'
2021-01-05 00:03:35.050  INFO 1688 --- [http-nio-9100-exec-2] o.s.web.servlet.DispatcherServlet        : Completed initialization in 6 ms
2021-01-05 00:07:19.097  INFO 1688 --- [Thread-412] j.LocalContainerEntityManagerFactoryBean : Closing JPA EntityManagerFactory for persistence unit 'default'
2021-01-05 00:07:19.097  INFO 1688 --- [Thread-412] o.s.s.concurrent.ThreadPoolTaskExecutor  : Shutting down ExecutorService 'applicationTaskExecutor'
2021-01-05 00:07:19.097  INFO 1688 --- [Thread-412] com.zaxxer.hikari.HikariDataSource       : HikariPool-3 - Shutdown initiated...
2021-01-05 00:07:19.104  INFO 1688 --- [Thread-412] com.zaxxer.hikari.HikariDataSource       : HikariPool-3 - Shutdown completed.
2021-01-05 00:07:19.258  INFO 1688 --- [restartedMain] b.c.d.checkpoint.CheckpointApplication   : Starting CheckpointApplication on DESKTOP-RNP5NKG with PID 1688 (C:\Users\dldjb\Documents\GitHub\checkpoint-back\target\classes started by dldjb in C:\Users\dldjb\Documents\GitHub\checkpoint-back)
2021-01-05 00:07:19.258  INFO 1688 --- [restartedMain] b.c.d.checkpoint.CheckpointApplication   : The following profiles are active: development
2021-01-05 00:07:19.523  INFO 1688 --- [restartedMain] .s.d.r.c.RepositoryConfigurationDelegate : Bootstrapping Spring Data JPA repositories in DEFERRED mode.
2021-01-05 00:07:19.547  INFO 1688 --- [restartedMain] .s.d.r.c.RepositoryConfigurationDelegate : Finished Spring Data repository scanning in 23ms. Found 2 JPA repository interfaces.
2021-01-05 00:07:19.602  INFO 1688 --- [restartedMain] trationDelegate$BeanPostProcessorChecker : Bean 'org.springframework.security.access.expression.method.DefaultMethodSecurityExpressionHandler@5be14785' of type [org.springframework.security.access.expression.method.DefaultMethodSecurityExpressionHandler] is not eligible for getting processed by all BeanPostProcessors (for example: not eligible for auto-proxying)
2021-01-05 00:07:19.603  INFO 1688 --- [restartedMain] trationDelegate$BeanPostProcessorChecker : Bean 'methodSecurityMetadataSource' of type [org.springframework.security.access.method.DelegatingMethodSecurityMetadataSource] is not eligible for getting processed by all BeanPostProcessors (for example: not eligible for auto-proxying)
2021-01-05 00:07:19.671  INFO 1688 --- [restartedMain] o.s.b.w.embedded.tomcat.TomcatWebServer  : Tomcat initialized with port(s): 9100 (http)
2021-01-05 00:07:19.672  INFO 1688 --- [restartedMain] o.apache.catalina.core.StandardService   : Starting service [Tomcat]
2021-01-05 00:07:19.672  INFO 1688 --- [restartedMain] org.apache.catalina.core.StandardEngine  : Starting Servlet engine: [Apache Tomcat/9.0.35]
2021-01-05 00:07:19.682  INFO 1688 --- [restartedMain] o.a.c.c.C.[Tomcat].[localhost].[/]       : Initializing Spring embedded WebApplicationContext
2021-01-05 00:07:19.682  INFO 1688 --- [restartedMain] o.s.web.context.ContextLoader            : Root WebApplicationContext: initialization completed in 422 ms
2021-01-05 00:07:19.722  INFO 1688 --- [restartedMain] o.s.s.concurrent.ThreadPoolTaskExecutor  : Initializing ExecutorService 'applicationTaskExecutor'
2021-01-05 00:07:19.732  INFO 1688 --- [task-1] o.hibernate.jpa.internal.util.LogHelper  : HHH000204: Processing PersistenceUnitInfo [name: default]
2021-01-05 00:07:19.736  INFO 1688 --- [task-1] com.zaxxer.hikari.HikariDataSource       : HikariPool-4 - Starting...
2021-01-05 00:07:19.743  INFO 1688 --- [task-1] com.zaxxer.hikari.HikariDataSource       : HikariPool-4 - Start completed.
2021-01-05 00:07:19.744  INFO 1688 --- [task-1] org.hibernate.dialect.Dialect            : HHH000400: Using dialect: org.hibernate.dialect.MariaDB103Dialect
2021-01-05 00:07:19.757  WARN 1688 --- [restartedMain] JpaBaseConfiguration$JpaWebConfiguration : spring.jpa.open-in-view is enabled by default. Therefore, database queries may be performed during view rendering. Explicitly configure spring.jpa.open-in-view to disable this warning
2021-01-05 00:07:19.790  INFO 1688 --- [task-1] j.LocalContainerEntityManagerFactoryBean : Initialized JPA EntityManagerFactory for persistence unit 'default'
2021-01-05 00:07:19.795  INFO 1688 --- [task-2] o.s.b.d.a.OptionalLiveReloadServer       : LiveReload server is running on port 35729
2021-01-05 00:07:19.813  INFO 1688 --- [restartedMain] o.s.s.web.DefaultSecurityFilterChain     : Creating filter chain: any request, [org.springframework.security.web.context.request.async.WebAsyncManagerIntegrationFilter@63a6622b, org.springframework.security.web.context.SecurityContextPersistenceFilter@764b3c71, org.springframework.security.web.header.HeaderWriterFilter@2f34b352, org.springframework.web.filter.CorsFilter@3f1cb53e, org.springframework.security.web.authentication.logout.LogoutFilter@23ee85ce, org.springframework.security.web.savedrequest.RequestCacheAwareFilter@7d5f397c, org.springframework.security.web.servletapi.SecurityContextHolderAwareRequestFilter@777bbba6, org.springframework.security.web.authentication.AnonymousAuthenticationFilter@4dce963e, org.springframework.security.web.session.SessionManagementFilter@33890c1b, org.springframework.security.web.access.ExceptionTranslationFilter@47b994d0, org.springframework.security.web.access.intercept.FilterSecurityInterceptor@51012c8e]
2021-01-05 00:07:19.952  INFO 1688 --- [restartedMain] o.s.b.w.embedded.tomcat.TomcatWebServer  : Tomcat started on port(s): 9100 (http) with context path ''
2021-01-05 00:07:19.952  INFO 1688 --- [restartedMain] DeferredRepositoryInitializationListener : Triggering deferred initialization of Spring Data repositories…
2021-01-05 00:07:19.980  INFO 1688 --- [restartedMain] DeferredRepositoryInitializationListener : Spring Data repositories initialized!
2021-01-05 00:07:19.982  INFO 1688 --- [restartedMain] b.c.d.checkpoint.CheckpointApplication   : Started CheckpointApplication in 0.75 seconds (JVM running for 1470.978)
2021-01-05 00:07:19.983  INFO 1688 --- [restartedMain] .ConditionEvaluationDeltaLoggingListener : Condition evaluation unchanged
2021-01-05 00:07:39.793  INFO 1688 --- [http-nio-9100-exec-1] o.a.c.c.C.[Tomcat].[localhost].[/]       : Initializing Spring DispatcherServlet 'dispatcherServlet'
2021-01-05 00:07:39.793  INFO 1688 --- [http-nio-9100-exec-1] o.s.web.servlet.DispatcherServlet        : Initializing Servlet 'dispatcherServlet'
2021-01-05 00:07:39.795  INFO 1688 --- [http-nio-9100-exec-1] o.s.web.servlet.DispatcherServlet        : Completed initialization in 2 ms
2021-01-05 00:08:25.326  INFO 1688 --- [Thread-616] j.LocalContainerEntityManagerFactoryBean : Closing JPA EntityManagerFactory for persistence unit 'default'
2021-01-05 00:08:25.326  INFO 1688 --- [Thread-616] o.s.s.concurrent.ThreadPoolTaskExecutor  : Shutting down ExecutorService 'applicationTaskExecutor'
2021-01-05 00:08:25.327  INFO 1688 --- [Thread-616] com.zaxxer.hikari.HikariDataSource       : HikariPool-4 - Shutdown initiated...
2021-01-05 00:08:25.337  INFO 1688 --- [Thread-616] com.zaxxer.hikari.HikariDataSource       : HikariPool-4 - Shutdown completed.
2021-01-05 00:08:25.516  INFO 1688 --- [restartedMain] b.c.d.checkpoint.CheckpointApplication   : Starting CheckpointApplication on DESKTOP-RNP5NKG with PID 1688 (C:\Users\dldjb\Documents\GitHub\checkpoint-back\target\classes started by dldjb in C:\Users\dldjb\Documents\GitHub\checkpoint-back)
2021-01-05 00:08:25.516  INFO 1688 --- [restartedMain] b.c.d.checkpoint.CheckpointApplication   : The following profiles are active: development
2021-01-05 00:08:25.788  INFO 1688 --- [restartedMain] .s.d.r.c.RepositoryConfigurationDelegate : Bootstrapping Spring Data JPA repositories in DEFERRED mode.
2021-01-05 00:08:25.812  INFO 1688 --- [restartedMain] .s.d.r.c.RepositoryConfigurationDelegate : Finished Spring Data repository scanning in 24ms. Found 2 JPA repository interfaces.
2021-01-05 00:08:25.865  INFO 1688 --- [restartedMain] trationDelegate$BeanPostProcessorChecker : Bean 'org.springframework.security.access.expression.method.DefaultMethodSecurityExpressionHandler@1e6a2e32' of type [org.springframework.security.access.expression.method.DefaultMethodSecurityExpressionHandler] is not eligible for getting processed by all BeanPostProcessors (for example: not eligible for auto-proxying)
2021-01-05 00:08:25.866  INFO 1688 --- [restartedMain] trationDelegate$BeanPostProcessorChecker : Bean 'methodSecurityMetadataSource' of type [org.springframework.security.access.method.DelegatingMethodSecurityMetadataSource] is not eligible for getting processed by all BeanPostProcessors (for example: not eligible for auto-proxying)
2021-01-05 00:08:25.927  INFO 1688 --- [restartedMain] o.s.b.w.embedded.tomcat.TomcatWebServer  : Tomcat initialized with port(s): 9100 (http)
2021-01-05 00:08:25.927  INFO 1688 --- [restartedMain] o.apache.catalina.core.StandardService   : Starting service [Tomcat]
2021-01-05 00:08:25.927  INFO 1688 --- [restartedMain] org.apache.catalina.core.StandardEngine  : Starting Servlet engine: [Apache Tomcat/9.0.35]
2021-01-05 00:08:25.940  INFO 1688 --- [restartedMain] o.a.c.c.C.[Tomcat].[localhost].[/]       : Initializing Spring embedded WebApplicationContext
2021-01-05 00:08:25.940  INFO 1688 --- [restartedMain] o.s.web.context.ContextLoader            : Root WebApplicationContext: initialization completed in 421 ms
2021-01-05 00:08:25.980  INFO 1688 --- [restartedMain] o.s.s.concurrent.ThreadPoolTaskExecutor  : Initializing ExecutorService 'applicationTaskExecutor'
2021-01-05 00:08:25.989  INFO 1688 --- [task-1] o.hibernate.jpa.internal.util.LogHelper  : HHH000204: Processing PersistenceUnitInfo [name: default]
2021-01-05 00:08:25.994  INFO 1688 --- [task-1] com.zaxxer.hikari.HikariDataSource       : HikariPool-5 - Starting...
2021-01-05 00:08:26.002  INFO 1688 --- [task-1] com.zaxxer.hikari.HikariDataSource       : HikariPool-5 - Start completed.
2021-01-05 00:08:26.003  INFO 1688 --- [task-1] org.hibernate.dialect.Dialect            : HHH000400: Using dialect: org.hibernate.dialect.MariaDB103Dialect
2021-01-05 00:08:26.016  WARN 1688 --- [restartedMain] JpaBaseConfiguration$JpaWebConfiguration : spring.jpa.open-in-view is enabled by default. Therefore, database queries may be performed during view rendering. Explicitly configure spring.jpa.open-in-view to disable this warning
2021-01-05 00:08:26.054  INFO 1688 --- [task-1] j.LocalContainerEntityManagerFactoryBean : Initialized JPA EntityManagerFactory for persistence unit 'default'
2021-01-05 00:08:26.061  INFO 1688 --- [task-2] o.s.b.d.a.OptionalLiveReloadServer       : LiveReload server is running on port 35729
2021-01-05 00:08:26.076  INFO 1688 --- [restartedMain] o.s.s.web.DefaultSecurityFilterChain     : Creating filter chain: any request, [org.springframework.security.web.context.request.async.WebAsyncManagerIntegrationFilter@44a66f78, org.springframework.security.web.context.SecurityContextPersistenceFilter@766d81d3, org.springframework.security.web.header.HeaderWriterFilter@573add14, org.springframework.web.filter.CorsFilter@1d24bfe7, org.springframework.security.web.authentication.logout.LogoutFilter@e52d5b4, org.springframework.security.web.savedrequest.RequestCacheAwareFilter@4fbcf8cf, org.springframework.security.web.servletapi.SecurityContextHolderAwareRequestFilter@4e6f4e51, org.springframework.security.web.authentication.AnonymousAuthenticationFilter@559e6a00, org.springframework.security.web.session.SessionManagementFilter@297e7c03, org.springframework.security.web.access.ExceptionTranslationFilter@a166fce, org.springframework.security.web.access.intercept.FilterSecurityInterceptor@396a73d2]
2021-01-05 00:08:26.242  INFO 1688 --- [restartedMain] o.s.b.w.embedded.tomcat.TomcatWebServer  : Tomcat started on port(s): 9100 (http) with context path ''
2021-01-05 00:08:26.243  INFO 1688 --- [restartedMain] DeferredRepositoryInitializationListener : Triggering deferred initialization of Spring Data repositories…
2021-01-05 00:08:26.276  INFO 1688 --- [restartedMain] DeferredRepositoryInitializationListener : Spring Data repositories initialized!
2021-01-05 00:08:26.279  INFO 1688 --- [restartedMain] b.c.d.checkpoint.CheckpointApplication   : Started CheckpointApplication in 0.791 seconds (JVM running for 1537.274)
2021-01-05 00:08:26.280  INFO 1688 --- [restartedMain] .ConditionEvaluationDeltaLoggingListener : Condition evaluation unchanged
2021-01-05 00:09:06.872  INFO 1688 --- [Thread-820] j.LocalContainerEntityManagerFactoryBean : Closing JPA EntityManagerFactory for persistence unit 'default'
2021-01-05 00:09:06.873  INFO 1688 --- [Thread-820] o.s.s.concurrent.ThreadPoolTaskExecutor  : Shutting down ExecutorService 'applicationTaskExecutor'
2021-01-05 00:09:06.873  INFO 1688 --- [Thread-820] com.zaxxer.hikari.HikariDataSource       : HikariPool-5 - Shutdown initiated...
2021-01-05 00:09:06.881  INFO 1688 --- [Thread-820] com.zaxxer.hikari.HikariDataSource       : HikariPool-5 - Shutdown completed.
2021-01-05 00:09:06.995  INFO 1688 --- [restartedMain] b.c.d.checkpoint.CheckpointApplication   : Starting CheckpointApplication on DESKTOP-RNP5NKG with PID 1688 (C:\Users\dldjb\Documents\GitHub\checkpoint-back\target\classes started by dldjb in C:\Users\dldjb\Documents\GitHub\checkpoint-back)
2021-01-05 00:09:06.995  INFO 1688 --- [restartedMain] b.c.d.checkpoint.CheckpointApplication   : The following profiles are active: development
2021-01-05 00:09:07.216  INFO 1688 --- [restartedMain] .s.d.r.c.RepositoryConfigurationDelegate : Bootstrapping Spring Data JPA repositories in DEFERRED mode.
2021-01-05 00:09:07.236  INFO 1688 --- [restartedMain] .s.d.r.c.RepositoryConfigurationDelegate : Finished Spring Data repository scanning in 20ms. Found 2 JPA repository interfaces.
2021-01-05 00:09:07.283  INFO 1688 --- [restartedMain] trationDelegate$BeanPostProcessorChecker : Bean 'org.springframework.security.access.expression.method.DefaultMethodSecurityExpressionHandler@1f883bd5' of type [org.springframework.security.access.expression.method.DefaultMethodSecurityExpressionHandler] is not eligible for getting processed by all BeanPostProcessors (for example: not eligible for auto-proxying)
2021-01-05 00:09:07.284  INFO 1688 --- [restartedMain] trationDelegate$BeanPostProcessorChecker : Bean 'methodSecurityMetadataSource' of type [org.springframework.security.access.method.DelegatingMethodSecurityMetadataSource] is not eligible for getting processed by all BeanPostProcessors (for example: not eligible for auto-proxying)
2021-01-05 00:09:07.345  INFO 1688 --- [restartedMain] o.s.b.w.embedded.tomcat.TomcatWebServer  : Tomcat initialized with port(s): 9100 (http)
2021-01-05 00:09:07.345  INFO 1688 --- [restartedMain] o.apache.catalina.core.StandardService   : Starting service [Tomcat]
2021-01-05 00:09:07.346  INFO 1688 --- [restartedMain] org.apache.catalina.core.StandardEngine  : Starting Servlet engine: [Apache Tomcat/9.0.35]
2021-01-05 00:09:07.355  INFO 1688 --- [restartedMain] o.a.c.c.C.[Tomcat].[localhost].[/]       : Initializing Spring embedded WebApplicationContext
2021-01-05 00:09:07.355  INFO 1688 --- [restartedMain] o.s.web.context.ContextLoader            : Root WebApplicationContext: initialization completed in 357 ms
2021-01-05 00:09:07.387  INFO 1688 --- [restartedMain] o.s.s.concurrent.ThreadPoolTaskExecutor  : Initializing ExecutorService 'applicationTaskExecutor'
2021-01-05 00:09:07.396  INFO 1688 --- [task-1] o.hibernate.jpa.internal.util.LogHelper  : HHH000204: Processing PersistenceUnitInfo [name: default]
2021-01-05 00:09:07.400  INFO 1688 --- [task-1] com.zaxxer.hikari.HikariDataSource       : HikariPool-6 - Starting...
2021-01-05 00:09:07.406  INFO 1688 --- [task-1] com.zaxxer.hikari.HikariDataSource       : HikariPool-6 - Start completed.
2021-01-05 00:09:07.407  INFO 1688 --- [task-1] org.hibernate.dialect.Dialect            : HHH000400: Using dialect: org.hibernate.dialect.MariaDB103Dialect
2021-01-05 00:09:07.416  WARN 1688 --- [restartedMain] JpaBaseConfiguration$JpaWebConfiguration : spring.jpa.open-in-view is enabled by default. Therefore, database queries may be performed during view rendering. Explicitly configure spring.jpa.open-in-view to disable this warning
2021-01-05 00:09:07.446  INFO 1688 --- [task-1] j.LocalContainerEntityManagerFactoryBean : Initialized JPA EntityManagerFactory for persistence unit 'default'
2021-01-05 00:09:07.450  INFO 1688 --- [task-2] o.s.b.d.a.OptionalLiveReloadServer       : LiveReload server is running on port 35729
2021-01-05 00:09:07.466  INFO 1688 --- [restartedMain] o.s.s.web.DefaultSecurityFilterChain     : Creating filter chain: any request, [org.springframework.security.web.context.request.async.WebAsyncManagerIntegrationFilter@49979d8d, org.springframework.security.web.context.SecurityContextPersistenceFilter@e95053b, org.springframework.security.web.header.HeaderWriterFilter@10e379d1, org.springframework.web.filter.CorsFilter@5d777bfe, org.springframework.security.web.authentication.logout.LogoutFilter@2e2a3f03, org.springframework.security.web.savedrequest.RequestCacheAwareFilter@1685e8ab, org.springframework.security.web.servletapi.SecurityContextHolderAwareRequestFilter@1da3365b, org.springframework.security.web.authentication.AnonymousAuthenticationFilter@50e3150, org.springframework.security.web.session.SessionManagementFilter@3ae5fc70, org.springframework.security.web.access.ExceptionTranslationFilter@76add4a6, org.springframework.security.web.access.intercept.FilterSecurityInterceptor@4d7a3021]
2021-01-05 00:09:07.607  INFO 1688 --- [restartedMain] o.s.b.w.embedded.tomcat.TomcatWebServer  : Tomcat started on port(s): 9100 (http) with context path ''
2021-01-05 00:09:07.618  INFO 1688 --- [restartedMain] DeferredRepositoryInitializationListener : Triggering deferred initialization of Spring Data repositories…
2021-01-05 00:09:07.644  INFO 1688 --- [restartedMain] DeferredRepositoryInitializationListener : Spring Data repositories initialized!
2021-01-05 00:09:07.646  INFO 1688 --- [restartedMain] b.c.d.checkpoint.CheckpointApplication   : Started CheckpointApplication in 0.678 seconds (JVM running for 1578.642)
2021-01-05 00:09:07.647  INFO 1688 --- [restartedMain] .ConditionEvaluationDeltaLoggingListener : Condition evaluation unchanged
2021-01-05 00:12:31.858  INFO 1688 --- [Thread-1024] j.LocalContainerEntityManagerFactoryBean : Closing JPA EntityManagerFactory for persistence unit 'default'
2021-01-05 00:12:31.859  INFO 1688 --- [Thread-1024] o.s.s.concurrent.ThreadPoolTaskExecutor  : Shutting down ExecutorService 'applicationTaskExecutor'
2021-01-05 00:12:31.859  INFO 1688 --- [Thread-1024] com.zaxxer.hikari.HikariDataSource       : HikariPool-6 - Shutdown initiated...
2021-01-05 00:12:31.866  INFO 1688 --- [Thread-1024] com.zaxxer.hikari.HikariDataSource       : HikariPool-6 - Shutdown completed.
2021-01-05 00:12:32.023  INFO 1688 --- [restartedMain] b.c.d.checkpoint.CheckpointApplication   : Starting CheckpointApplication on DESKTOP-RNP5NKG with PID 1688 (C:\Users\dldjb\Documents\GitHub\checkpoint-back\target\classes started by dldjb in C:\Users\dldjb\Documents\GitHub\checkpoint-back)
2021-01-05 00:12:32.023  INFO 1688 --- [restartedMain] b.c.d.checkpoint.CheckpointApplication   : The following profiles are active: development
2021-01-05 00:12:32.244  INFO 1688 --- [restartedMain] .s.d.r.c.RepositoryConfigurationDelegate : Bootstrapping Spring Data JPA repositories in DEFERRED mode.
2021-01-05 00:12:32.264  INFO 1688 --- [restartedMain] .s.d.r.c.RepositoryConfigurationDelegate : Finished Spring Data repository scanning in 20ms. Found 2 JPA repository interfaces.
2021-01-05 00:12:32.307  INFO 1688 --- [restartedMain] trationDelegate$BeanPostProcessorChecker : Bean 'org.springframework.security.access.expression.method.DefaultMethodSecurityExpressionHandler@64f742f3' of type [org.springframework.security.access.expression.method.DefaultMethodSecurityExpressionHandler] is not eligible for getting processed by all BeanPostProcessors (for example: not eligible for auto-proxying)
2021-01-05 00:12:32.308  INFO 1688 --- [restartedMain] trationDelegate$BeanPostProcessorChecker : Bean 'methodSecurityMetadataSource' of type [org.springframework.security.access.method.DelegatingMethodSecurityMetadataSource] is not eligible for getting processed by all BeanPostProcessors (for example: not eligible for auto-proxying)
2021-01-05 00:12:32.365  INFO 1688 --- [restartedMain] o.s.b.w.embedded.tomcat.TomcatWebServer  : Tomcat initialized with port(s): 9100 (http)
2021-01-05 00:12:32.365  INFO 1688 --- [restartedMain] o.apache.catalina.core.StandardService   : Starting service [Tomcat]
2021-01-05 00:12:32.365  INFO 1688 --- [restartedMain] org.apache.catalina.core.StandardEngine  : Starting Servlet engine: [Apache Tomcat/9.0.35]
2021-01-05 00:12:32.374  INFO 1688 --- [restartedMain] o.a.c.c.C.[Tomcat].[localhost].[/]       : Initializing Spring embedded WebApplicationContext
2021-01-05 00:12:32.375  INFO 1688 --- [restartedMain] o.s.web.context.ContextLoader            : Root WebApplicationContext: initialization completed in 350 ms
2021-01-05 00:12:32.402  INFO 1688 --- [restartedMain] o.s.s.concurrent.ThreadPoolTaskExecutor  : Initializing ExecutorService 'applicationTaskExecutor'
2021-01-05 00:12:32.410  INFO 1688 --- [task-1] o.hibernate.jpa.internal.util.LogHelper  : HHH000204: Processing PersistenceUnitInfo [name: default]
2021-01-05 00:12:32.415  INFO 1688 --- [task-1] com.zaxxer.hikari.HikariDataSource       : HikariPool-7 - Starting...
2021-01-05 00:12:32.422  INFO 1688 --- [task-1] com.zaxxer.hikari.HikariDataSource       : HikariPool-7 - Start completed.
2021-01-05 00:12:32.422  INFO 1688 --- [task-1] org.hibernate.dialect.Dialect            : HHH000400: Using dialect: org.hibernate.dialect.MariaDB103Dialect
2021-01-05 00:12:32.432  WARN 1688 --- [restartedMain] JpaBaseConfiguration$JpaWebConfiguration : spring.jpa.open-in-view is enabled by default. Therefore, database queries may be performed during view rendering. Explicitly configure spring.jpa.open-in-view to disable this warning
2021-01-05 00:12:32.461  INFO 1688 --- [task-1] j.LocalContainerEntityManagerFactoryBean : Initialized JPA EntityManagerFactory for persistence unit 'default'
2021-01-05 00:12:32.474  INFO 1688 --- [restartedMain] o.s.s.web.DefaultSecurityFilterChain     : Creating filter chain: any request, [org.springframework.security.web.context.request.async.WebAsyncManagerIntegrationFilter@21533ba9, org.springframework.security.web.context.SecurityContextPersistenceFilter@1e4b17fa, org.springframework.security.web.header.HeaderWriterFilter@60988810, org.springframework.web.filter.CorsFilter@a4465a9, org.springframework.security.web.authentication.logout.LogoutFilter@6a817586, org.springframework.security.web.savedrequest.RequestCacheAwareFilter@650dd141, org.springframework.security.web.servletapi.SecurityContextHolderAwareRequestFilter@41f11df8, org.springframework.security.web.authentication.AnonymousAuthenticationFilter@12e0809c, org.springframework.security.web.session.SessionManagementFilter@52e7e902, org.springframework.security.web.access.ExceptionTranslationFilter@12fd280a, org.springframework.security.web.access.intercept.FilterSecurityInterceptor@852c7b1]
2021-01-05 00:12:32.483  INFO 1688 --- [task-2] o.s.b.d.a.OptionalLiveReloadServer       : LiveReload server is running on port 35729
2021-01-05 00:12:32.579  INFO 1688 --- [restartedMain] o.s.b.w.embedded.tomcat.TomcatWebServer  : Tomcat started on port(s): 9100 (http) with context path ''
2021-01-05 00:12:32.579  INFO 1688 --- [restartedMain] DeferredRepositoryInitializationListener : Triggering deferred initialization of Spring Data repositories…
2021-01-05 00:12:32.599  INFO 1688 --- [restartedMain] DeferredRepositoryInitializationListener : Spring Data repositories initialized!
2021-01-05 00:12:32.601  INFO 1688 --- [restartedMain] b.c.d.checkpoint.CheckpointApplication   : Started CheckpointApplication in 0.601 seconds (JVM running for 1783.597)
2021-01-05 00:12:32.601  INFO 1688 --- [restartedMain] .ConditionEvaluationDeltaLoggingListener : Condition evaluation unchanged
2021-01-05 00:12:45.267  INFO 16972 --- [restartedMain] b.c.d.checkpoint.CheckpointApplication   : Starting CheckpointApplication on DESKTOP-RNP5NKG with PID 16972 (C:\Users\dldjb\Documents\GitHub\checkpoint-back\target\classes started by dldjb in C:\Users\dldjb\Documents\GitHub\checkpoint-back)
2021-01-05 00:12:45.268  INFO 16972 --- [restartedMain] b.c.d.checkpoint.CheckpointApplication   : The following profiles are active: development
2021-01-05 00:12:45.304  INFO 16972 --- [restartedMain] .e.DevToolsPropertyDefaultsPostProcessor : Devtools property defaults active! Set 'spring.devtools.add-properties' to 'false' to disable
2021-01-05 00:12:45.304  INFO 16972 --- [restartedMain] .e.DevToolsPropertyDefaultsPostProcessor : For additional web related logging consider setting the 'logging.level.web' property to 'DEBUG'
2021-01-05 00:12:45.865  INFO 16972 --- [restartedMain] .s.d.r.c.RepositoryConfigurationDelegate : Bootstrapping Spring Data JPA repositories in DEFERRED mode.
2021-01-05 00:12:45.929  INFO 16972 --- [restartedMain] .s.d.r.c.RepositoryConfigurationDelegate : Finished Spring Data repository scanning in 56ms. Found 2 JPA repository interfaces.
2021-01-05 00:12:46.267  INFO 16972 --- [restartedMain] trationDelegate$BeanPostProcessorChecker : Bean 'org.springframework.security.access.expression.method.DefaultMethodSecurityExpressionHandler@727c73b7' of type [org.springframework.security.access.expression.method.DefaultMethodSecurityExpressionHandler] is not eligible for getting processed by all BeanPostProcessors (for example: not eligible for auto-proxying)
2021-01-05 00:12:46.272  INFO 16972 --- [restartedMain] trationDelegate$BeanPostProcessorChecker : Bean 'methodSecurityMetadataSource' of type [org.springframework.security.access.method.DelegatingMethodSecurityMetadataSource] is not eligible for getting processed by all BeanPostProcessors (for example: not eligible for auto-proxying)
2021-01-05 00:12:46.630  INFO 16972 --- [restartedMain] o.s.b.w.embedded.tomcat.TomcatWebServer  : Tomcat initialized with port(s): 9100 (http)
2021-01-05 00:12:46.639  INFO 16972 --- [restartedMain] o.apache.catalina.core.StandardService   : Starting service [Tomcat]
2021-01-05 00:12:46.640  INFO 16972 --- [restartedMain] org.apache.catalina.core.StandardEngine  : Starting Servlet engine: [Apache Tomcat/9.0.35]
2021-01-05 00:12:46.703  INFO 16972 --- [restartedMain] o.a.c.c.C.[Tomcat].[localhost].[/]       : Initializing Spring embedded WebApplicationContext
2021-01-05 00:12:46.703  INFO 16972 --- [restartedMain] o.s.web.context.ContextLoader            : Root WebApplicationContext: initialization completed in 1399 ms
2021-01-05 00:12:46.854  INFO 16972 --- [restartedMain] o.s.s.concurrent.ThreadPoolTaskExecutor  : Initializing ExecutorService 'applicationTaskExecutor'
2021-01-05 00:12:46.894  INFO 16972 --- [task-1] o.hibernate.jpa.internal.util.LogHelper  : HHH000204: Processing PersistenceUnitInfo [name: default]
2021-01-05 00:12:46.927  WARN 16972 --- [restartedMain] JpaBaseConfiguration$JpaWebConfiguration : spring.jpa.open-in-view is enabled by default. Therefore, database queries may be performed during view rendering. Explicitly configure spring.jpa.open-in-view to disable this warning
2021-01-05 00:12:46.942  INFO 16972 --- [task-1] org.hibernate.Version                    : HHH000412: Hibernate ORM core version 5.4.15.Final
2021-01-05 00:12:47.061  INFO 16972 --- [task-1] o.hibernate.annotations.common.Version   : HCANN000001: Hibernate Commons Annotations {5.1.0.Final}
2021-01-05 00:12:47.099  INFO 16972 --- [restartedMain] o.s.s.web.DefaultSecurityFilterChain     : Creating filter chain: any request, [org.springframework.security.web.context.request.async.WebAsyncManagerIntegrationFilter@3ec97e16, org.springframework.security.web.context.SecurityContextPersistenceFilter@5a640130, org.springframework.security.web.header.HeaderWriterFilter@263e3f4b, org.springframework.web.filter.CorsFilter@684845c9, org.springframework.security.web.authentication.logout.LogoutFilter@48c47c0e, org.springframework.security.web.savedrequest.RequestCacheAwareFilter@2b6b4028, org.springframework.security.web.servletapi.SecurityContextHolderAwareRequestFilter@19c55cdc, org.springframework.security.web.authentication.AnonymousAuthenticationFilter@63a1b029, org.springframework.security.web.session.SessionManagementFilter@484a64f5, org.springframework.security.web.access.ExceptionTranslationFilter@63ac9f45, org.springframework.security.web.access.intercept.FilterSecurityInterceptor@175c14d4]
2021-01-05 00:12:47.163  INFO 16972 --- [task-1] com.zaxxer.hikari.HikariDataSource       : HikariPool-1 - Starting...
2021-01-05 00:12:47.218  INFO 16972 --- [task-1] com.zaxxer.hikari.HikariDataSource       : HikariPool-1 - Start completed.
2021-01-05 00:12:47.238  INFO 16972 --- [task-1] org.hibernate.dialect.Dialect            : HHH000400: Using dialect: org.hibernate.dialect.MariaDB103Dialect
2021-01-05 00:12:47.759  INFO 16972 --- [task-1] j.LocalContainerEntityManagerFactoryBean : Initialized JPA EntityManagerFactory for persistence unit 'default'
2021-01-05 00:12:48.008  INFO 16972 --- [task-2] o.s.b.d.a.OptionalLiveReloadServer       : LiveReload server is running on port 35729
2021-01-05 00:12:48.178  INFO 16972 --- [restartedMain] o.s.b.w.embedded.tomcat.TomcatWebServer  : Tomcat started on port(s): 9100 (http) with context path ''
2021-01-05 00:12:48.179  INFO 16972 --- [restartedMain] DeferredRepositoryInitializationListener : Triggering deferred initialization of Spring Data repositories…
2021-01-05 00:12:48.445  INFO 16972 --- [restartedMain] DeferredRepositoryInitializationListener : Spring Data repositories initialized!
2021-01-05 00:12:48.455  INFO 16972 --- [restartedMain] b.c.d.checkpoint.CheckpointApplication   : Started CheckpointApplication in 3.478 seconds (JVM running for 3.841)
2021-01-05 00:12:55.086  INFO 16972 --- [http-nio-9100-exec-1] o.a.c.c.C.[Tomcat].[localhost].[/]       : Initializing Spring DispatcherServlet 'dispatcherServlet'
2021-01-05 00:12:55.086  INFO 16972 --- [http-nio-9100-exec-1] o.s.web.servlet.DispatcherServlet        : Initializing Servlet 'dispatcherServlet'
2021-01-05 00:12:55.094  INFO 16972 --- [http-nio-9100-exec-1] o.s.web.servlet.DispatcherServlet        : Completed initialization in 8 ms
2021-01-05 00:42:36.688  INFO 16972 --- [Thread-204] j.LocalContainerEntityManagerFactoryBean : Closing JPA EntityManagerFactory for persistence unit 'default'
2021-01-05 00:42:36.690  INFO 16972 --- [Thread-204] o.s.s.concurrent.ThreadPoolTaskExecutor  : Shutting down ExecutorService 'applicationTaskExecutor'
2021-01-05 00:42:36.691  INFO 16972 --- [Thread-204] com.zaxxer.hikari.HikariDataSource       : HikariPool-1 - Shutdown initiated...
2021-01-05 00:42:36.702  INFO 16972 --- [Thread-204] com.zaxxer.hikari.HikariDataSource       : HikariPool-1 - Shutdown completed.
2021-01-05 00:42:36.852  INFO 16972 --- [restartedMain] b.c.d.checkpoint.CheckpointApplication   : Starting CheckpointApplication on DESKTOP-RNP5NKG with PID 16972 (C:\Users\dldjb\Documents\GitHub\checkpoint-back\target\classes started by dldjb in C:\Users\dldjb\Documents\GitHub\checkpoint-back)
2021-01-05 00:42:36.852  INFO 16972 --- [restartedMain] b.c.d.checkpoint.CheckpointApplication   : The following profiles are active: development
2021-01-05 00:42:37.072  INFO 16972 --- [restartedMain] .s.d.r.c.RepositoryConfigurationDelegate : Bootstrapping Spring Data JPA repositories in DEFERRED mode.
2021-01-05 00:42:37.093  INFO 16972 --- [restartedMain] .s.d.r.c.RepositoryConfigurationDelegate : Finished Spring Data repository scanning in 21ms. Found 2 JPA repository interfaces.
2021-01-05 00:42:37.150  INFO 16972 --- [restartedMain] trationDelegate$BeanPostProcessorChecker : Bean 'org.springframework.security.access.expression.method.DefaultMethodSecurityExpressionHandler@180432b6' of type [org.springframework.security.access.expression.method.DefaultMethodSecurityExpressionHandler] is not eligible for getting processed by all BeanPostProcessors (for example: not eligible for auto-proxying)
2021-01-05 00:42:37.151  INFO 16972 --- [restartedMain] trationDelegate$BeanPostProcessorChecker : Bean 'methodSecurityMetadataSource' of type [org.springframework.security.access.method.DelegatingMethodSecurityMetadataSource] is not eligible for getting processed by all BeanPostProcessors (for example: not eligible for auto-proxying)
2021-01-05 00:42:37.219  INFO 16972 --- [restartedMain] o.s.b.w.embedded.tomcat.TomcatWebServer  : Tomcat initialized with port(s): 9100 (http)
2021-01-05 00:42:37.219  INFO 16972 --- [restartedMain] o.apache.catalina.core.StandardService   : Starting service [Tomcat]
2021-01-05 00:42:37.219  INFO 16972 --- [restartedMain] org.apache.catalina.core.StandardEngine  : Starting Servlet engine: [Apache Tomcat/9.0.35]
2021-01-05 00:42:37.234  INFO 16972 --- [restartedMain] o.a.c.c.C.[Tomcat].[localhost].[/]       : Initializing Spring embedded WebApplicationContext
2021-01-05 00:42:37.234  INFO 16972 --- [restartedMain] o.s.web.context.ContextLoader            : Root WebApplicationContext: initialization completed in 380 ms
2021-01-05 00:42:37.273  INFO 16972 --- [restartedMain] o.s.s.concurrent.ThreadPoolTaskExecutor  : Initializing ExecutorService 'applicationTaskExecutor'
2021-01-05 00:42:37.282  INFO 16972 --- [task-1] o.hibernate.jpa.internal.util.LogHelper  : HHH000204: Processing PersistenceUnitInfo [name: default]
2021-01-05 00:42:37.287  INFO 16972 --- [task-1] com.zaxxer.hikari.HikariDataSource       : HikariPool-2 - Starting...
2021-01-05 00:42:37.292  INFO 16972 --- [task-1] com.zaxxer.hikari.HikariDataSource       : HikariPool-2 - Start completed.
2021-01-05 00:42:37.293  INFO 16972 --- [task-1] org.hibernate.dialect.Dialect            : HHH000400: Using dialect: org.hibernate.dialect.MariaDB103Dialect
2021-01-05 00:42:37.312  WARN 16972 --- [restartedMain] JpaBaseConfiguration$JpaWebConfiguration : spring.jpa.open-in-view is enabled by default. Therefore, database queries may be performed during view rendering. Explicitly configure spring.jpa.open-in-view to disable this warning
2021-01-05 00:42:37.343  INFO 16972 --- [task-1] j.LocalContainerEntityManagerFactoryBean : Initialized JPA EntityManagerFactory for persistence unit 'default'
2021-01-05 00:42:37.348  INFO 16972 --- [task-2] o.s.b.d.a.OptionalLiveReloadServer       : LiveReload server is running on port 35729
2021-01-05 00:42:37.362  INFO 16972 --- [restartedMain] o.s.s.web.DefaultSecurityFilterChain     : Creating filter chain: any request, [org.springframework.security.web.context.request.async.WebAsyncManagerIntegrationFilter@77ac9bf6, org.springframework.security.web.context.SecurityContextPersistenceFilter@3ea6d75c, org.springframework.security.web.header.HeaderWriterFilter@73bc0d3a, org.springframework.web.filter.CorsFilter@449f028f, org.springframework.security.web.authentication.logout.LogoutFilter@7fb9b120, org.springframework.security.web.savedrequest.RequestCacheAwareFilter@72531654, org.springframework.security.web.servletapi.SecurityContextHolderAwareRequestFilter@619510f9, org.springframework.security.web.authentication.AnonymousAuthenticationFilter@3cb82ea7, org.springframework.security.web.session.SessionManagementFilter@775c3e43, org.springframework.security.web.access.ExceptionTranslationFilter@4f807733, org.springframework.security.web.access.intercept.FilterSecurityInterceptor@627020b3]
2021-01-05 00:42:37.488  INFO 16972 --- [restartedMain] o.s.b.w.embedded.tomcat.TomcatWebServer  : Tomcat started on port(s): 9100 (http) with context path ''
2021-01-05 00:42:37.489  INFO 16972 --- [restartedMain] DeferredRepositoryInitializationListener : Triggering deferred initialization of Spring Data repositories…
2021-01-05 00:42:37.522  INFO 16972 --- [restartedMain] DeferredRepositoryInitializationListener : Spring Data repositories initialized!
2021-01-05 00:42:37.524  INFO 16972 --- [restartedMain] b.c.d.checkpoint.CheckpointApplication   : Started CheckpointApplication in 0.704 seconds (JVM running for 1792.91)
2021-01-05 00:42:37.525  INFO 16972 --- [restartedMain] .ConditionEvaluationDeltaLoggingListener : Condition evaluation unchanged
2021-01-05 00:42:41.957  INFO 16972 --- [http-nio-9100-exec-1] o.a.c.c.C.[Tomcat].[localhost].[/]       : Initializing Spring DispatcherServlet 'dispatcherServlet'
2021-01-05 00:42:41.957  INFO 16972 --- [http-nio-9100-exec-1] o.s.web.servlet.DispatcherServlet        : Initializing Servlet 'dispatcherServlet'
2021-01-05 00:42:41.963  INFO 16972 --- [http-nio-9100-exec-1] o.s.web.servlet.DispatcherServlet        : Completed initialization in 5 ms
2021-01-05 00:44:06.452  INFO 16972 --- [Thread-208] j.LocalContainerEntityManagerFactoryBean : Closing JPA EntityManagerFactory for persistence unit 'default'
2021-01-05 00:44:06.453  INFO 16972 --- [Thread-208] o.s.s.concurrent.ThreadPoolTaskExecutor  : Shutting down ExecutorService 'applicationTaskExecutor'
2021-01-05 00:44:06.453  INFO 16972 --- [Thread-208] com.zaxxer.hikari.HikariDataSource       : HikariPool-2 - Shutdown initiated...
2021-01-05 00:44:06.462  INFO 16972 --- [Thread-208] com.zaxxer.hikari.HikariDataSource       : HikariPool-2 - Shutdown completed.
2021-01-05 00:44:06.597  INFO 16972 --- [restartedMain] b.c.d.checkpoint.CheckpointApplication   : Starting CheckpointApplication on DESKTOP-RNP5NKG with PID 16972 (C:\Users\dldjb\Documents\GitHub\checkpoint-back\target\classes started by dldjb in C:\Users\dldjb\Documents\GitHub\checkpoint-back)
2021-01-05 00:44:06.597  INFO 16972 --- [restartedMain] b.c.d.checkpoint.CheckpointApplication   : The following profiles are active: development
2021-01-05 00:44:06.817  INFO 16972 --- [restartedMain] .s.d.r.c.RepositoryConfigurationDelegate : Bootstrapping Spring Data JPA repositories in DEFERRED mode.
2021-01-05 00:44:06.838  INFO 16972 --- [restartedMain] .s.d.r.c.RepositoryConfigurationDelegate : Finished Spring Data repository scanning in 20ms. Found 2 JPA repository interfaces.
2021-01-05 00:44:06.891  INFO 16972 --- [restartedMain] trationDelegate$BeanPostProcessorChecker : Bean 'org.springframework.security.access.expression.method.DefaultMethodSecurityExpressionHandler@34075ba5' of type [org.springframework.security.access.expression.method.DefaultMethodSecurityExpressionHandler] is not eligible for getting processed by all BeanPostProcessors (for example: not eligible for auto-proxying)
2021-01-05 00:44:06.891  INFO 16972 --- [restartedMain] trationDelegate$BeanPostProcessorChecker : Bean 'methodSecurityMetadataSource' of type [org.springframework.security.access.method.DelegatingMethodSecurityMetadataSource] is not eligible for getting processed by all BeanPostProcessors (for example: not eligible for auto-proxying)
2021-01-05 00:44:06.953  INFO 16972 --- [restartedMain] o.s.b.w.embedded.tomcat.TomcatWebServer  : Tomcat initialized with port(s): 9100 (http)
2021-01-05 00:44:06.953  INFO 16972 --- [restartedMain] o.apache.catalina.core.StandardService   : Starting service [Tomcat]
2021-01-05 00:44:06.953  INFO 16972 --- [restartedMain] org.apache.catalina.core.StandardEngine  : Starting Servlet engine: [Apache Tomcat/9.0.35]
2021-01-05 00:44:06.963  INFO 16972 --- [restartedMain] o.a.c.c.C.[Tomcat].[localhost].[/]       : Initializing Spring embedded WebApplicationContext
2021-01-05 00:44:06.964  INFO 16972 --- [restartedMain] o.s.web.context.ContextLoader            : Root WebApplicationContext: initialization completed in 364 ms
2021-01-05 00:44:07.003  INFO 16972 --- [restartedMain] o.s.s.concurrent.ThreadPoolTaskExecutor  : Initializing ExecutorService 'applicationTaskExecutor'
2021-01-05 00:44:07.012  INFO 16972 --- [task-1] o.hibernate.jpa.internal.util.LogHelper  : HHH000204: Processing PersistenceUnitInfo [name: default]
2021-01-05 00:44:07.016  INFO 16972 --- [task-1] com.zaxxer.hikari.HikariDataSource       : HikariPool-3 - Starting...
2021-01-05 00:44:07.023  INFO 16972 --- [task-1] com.zaxxer.hikari.HikariDataSource       : HikariPool-3 - Start completed.
2021-01-05 00:44:07.023  INFO 16972 --- [task-1] org.hibernate.dialect.Dialect            : HHH000400: Using dialect: org.hibernate.dialect.MariaDB103Dialect
2021-01-05 00:44:07.037  WARN 16972 --- [restartedMain] JpaBaseConfiguration$JpaWebConfiguration : spring.jpa.open-in-view is enabled by default. Therefore, database queries may be performed during view rendering. Explicitly configure spring.jpa.open-in-view to disable this warning
2021-01-05 00:44:07.070  INFO 16972 --- [task-1] j.LocalContainerEntityManagerFactoryBean : Initialized JPA EntityManagerFactory for persistence unit 'default'
2021-01-05 00:44:07.076  INFO 16972 --- [restartedMain] o.s.s.web.DefaultSecurityFilterChain     : Creating filter chain: any request, [org.springframework.security.web.context.request.async.WebAsyncManagerIntegrationFilter@4c0d89d3, org.springframework.security.web.context.SecurityContextPersistenceFilter@10ece277, org.springframework.security.web.header.HeaderWriterFilter@5cee4a73, org.springframework.web.filter.CorsFilter@3b6ad121, org.springframework.security.web.authentication.logout.LogoutFilter@6a45afa4, org.springframework.security.web.savedrequest.RequestCacheAwareFilter@6c5fccdc, org.springframework.security.web.servletapi.SecurityContextHolderAwareRequestFilter@424cbef6, org.springframework.security.web.authentication.AnonymousAuthenticationFilter@35c9b250, org.springframework.security.web.session.SessionManagementFilter@7755017e, org.springframework.security.web.access.ExceptionTranslationFilter@7211cbd5, org.springframework.security.web.access.intercept.FilterSecurityInterceptor@4c7450ed]
2021-01-05 00:44:07.136  INFO 16972 --- [task-2] o.s.b.d.a.OptionalLiveReloadServer       : LiveReload server is running on port 35729
2021-01-05 00:44:07.200  INFO 16972 --- [restartedMain] o.s.b.w.embedded.tomcat.TomcatWebServer  : Tomcat started on port(s): 9100 (http) with context path ''
2021-01-05 00:44:07.200  INFO 16972 --- [restartedMain] DeferredRepositoryInitializationListener : Triggering deferred initialization of Spring Data repositories…
2021-01-05 00:44:07.241  INFO 16972 --- [restartedMain] DeferredRepositoryInitializationListener : Spring Data repositories initialized!
2021-01-05 00:44:07.242  INFO 16972 --- [restartedMain] b.c.d.checkpoint.CheckpointApplication   : Started CheckpointApplication in 0.668 seconds (JVM running for 1882.628)
2021-01-05 00:44:07.243  INFO 16972 --- [restartedMain] .ConditionEvaluationDeltaLoggingListener : Condition evaluation unchanged
2021-01-05 00:44:10.787  INFO 16972 --- [http-nio-9100-exec-1] o.a.c.c.C.[Tomcat].[localhost].[/]       : Initializing Spring DispatcherServlet 'dispatcherServlet'
2021-01-05 00:44:10.788  INFO 16972 --- [http-nio-9100-exec-1] o.s.web.servlet.DispatcherServlet        : Initializing Servlet 'dispatcherServlet'
2021-01-05 00:44:10.790  INFO 16972 --- [http-nio-9100-exec-1] o.s.web.servlet.DispatcherServlet        : Completed initialization in 2 ms
2021-01-05 00:44:33.463  INFO 16972 --- [Thread-412] j.LocalContainerEntityManagerFactoryBean : Closing JPA EntityManagerFactory for persistence unit 'default'
2021-01-05 00:44:33.464  INFO 16972 --- [Thread-412] o.s.s.concurrent.ThreadPoolTaskExecutor  : Shutting down ExecutorService 'applicationTaskExecutor'
2021-01-05 00:44:33.464  INFO 16972 --- [Thread-412] com.zaxxer.hikari.HikariDataSource       : HikariPool-3 - Shutdown initiated...
2021-01-05 00:44:33.473  INFO 16972 --- [Thread-412] com.zaxxer.hikari.HikariDataSource       : HikariPool-3 - Shutdown completed.
2021-01-05 00:44:33.618  INFO 16972 --- [restartedMain] b.c.d.checkpoint.CheckpointApplication   : Starting CheckpointApplication on DESKTOP-RNP5NKG with PID 16972 (C:\Users\dldjb\Documents\GitHub\checkpoint-back\target\classes started by dldjb in C:\Users\dldjb\Documents\GitHub\checkpoint-back)
2021-01-05 00:44:33.618  INFO 16972 --- [restartedMain] b.c.d.checkpoint.CheckpointApplication   : The following profiles are active: development
2021-01-05 00:44:33.809  INFO 16972 --- [restartedMain] .s.d.r.c.RepositoryConfigurationDelegate : Bootstrapping Spring Data JPA repositories in DEFERRED mode.
2021-01-05 00:44:33.830  INFO 16972 --- [restartedMain] .s.d.r.c.RepositoryConfigurationDelegate : Finished Spring Data repository scanning in 19ms. Found 2 JPA repository interfaces.
2021-01-05 00:44:33.873  INFO 16972 --- [restartedMain] trationDelegate$BeanPostProcessorChecker : Bean 'org.springframework.security.access.expression.method.DefaultMethodSecurityExpressionHandler@15d7bc0e' of type [org.springframework.security.access.expression.method.DefaultMethodSecurityExpressionHandler] is not eligible for getting processed by all BeanPostProcessors (for example: not eligible for auto-proxying)
2021-01-05 00:44:33.873  INFO 16972 --- [restartedMain] trationDelegate$BeanPostProcessorChecker : Bean 'methodSecurityMetadataSource' of type [org.springframework.security.access.method.DelegatingMethodSecurityMetadataSource] is not eligible for getting processed by all BeanPostProcessors (for example: not eligible for auto-proxying)
2021-01-05 00:44:33.939  INFO 16972 --- [restartedMain] o.s.b.w.embedded.tomcat.TomcatWebServer  : Tomcat initialized with port(s): 9100 (http)
2021-01-05 00:44:33.940  INFO 16972 --- [restartedMain] o.apache.catalina.core.StandardService   : Starting service [Tomcat]
2021-01-05 00:44:33.940  INFO 16972 --- [restartedMain] org.apache.catalina.core.StandardEngine  : Starting Servlet engine: [Apache Tomcat/9.0.35]
2021-01-05 00:44:33.950  INFO 16972 --- [restartedMain] o.a.c.c.C.[Tomcat].[localhost].[/]       : Initializing Spring embedded WebApplicationContext
2021-01-05 00:44:33.950  INFO 16972 --- [restartedMain] o.s.web.context.ContextLoader            : Root WebApplicationContext: initialization completed in 329 ms
2021-01-05 00:44:33.978  INFO 16972 --- [restartedMain] o.s.s.concurrent.ThreadPoolTaskExecutor  : Initializing ExecutorService 'applicationTaskExecutor'
2021-01-05 00:44:33.986  INFO 16972 --- [task-1] o.hibernate.jpa.internal.util.LogHelper  : HHH000204: Processing PersistenceUnitInfo [name: default]
2021-01-05 00:44:33.990  INFO 16972 --- [task-1] com.zaxxer.hikari.HikariDataSource       : HikariPool-4 - Starting...
2021-01-05 00:44:33.996  INFO 16972 --- [task-1] com.zaxxer.hikari.HikariDataSource       : HikariPool-4 - Start completed.
2021-01-05 00:44:33.996  INFO 16972 --- [task-1] org.hibernate.dialect.Dialect            : HHH000400: Using dialect: org.hibernate.dialect.MariaDB103Dialect
2021-01-05 00:44:34.005  WARN 16972 --- [restartedMain] JpaBaseConfiguration$JpaWebConfiguration : spring.jpa.open-in-view is enabled by default. Therefore, database queries may be performed during view rendering. Explicitly configure spring.jpa.open-in-view to disable this warning
2021-01-05 00:44:34.035  INFO 16972 --- [task-1] j.LocalContainerEntityManagerFactoryBean : Initialized JPA EntityManagerFactory for persistence unit 'default'
2021-01-05 00:44:34.039  INFO 16972 --- [restartedMain] o.s.s.web.DefaultSecurityFilterChain     : Creating filter chain: any request, [org.springframework.security.web.context.request.async.WebAsyncManagerIntegrationFilter@179ea497, org.springframework.security.web.context.SecurityContextPersistenceFilter@1d4ea71c, org.springframework.security.web.header.HeaderWriterFilter@759844ec, org.springframework.web.filter.CorsFilter@304dafa0, org.springframework.security.web.authentication.logout.LogoutFilter@46a6b43, org.springframework.security.web.savedrequest.RequestCacheAwareFilter@7741b9c9, org.springframework.security.web.servletapi.SecurityContextHolderAwareRequestFilter@40492ce9, org.springframework.security.web.authentication.AnonymousAuthenticationFilter@21da0aad, org.springframework.security.web.session.SessionManagementFilter@2281d214, org.springframework.security.web.access.ExceptionTranslationFilter@60a14894, org.springframework.security.web.access.intercept.FilterSecurityInterceptor@5de78d84]
2021-01-05 00:44:34.042  INFO 16972 --- [task-2] o.s.b.d.a.OptionalLiveReloadServer       : LiveReload server is running on port 35729
2021-01-05 00:44:34.148  INFO 16972 --- [restartedMain] o.s.b.w.embedded.tomcat.TomcatWebServer  : Tomcat started on port(s): 9100 (http) with context path ''
2021-01-05 00:44:34.148  INFO 16972 --- [restartedMain] DeferredRepositoryInitializationListener : Triggering deferred initialization of Spring Data repositories…
2021-01-05 00:44:34.178  INFO 16972 --- [restartedMain] DeferredRepositoryInitializationListener : Spring Data repositories initialized!
2021-01-05 00:44:34.179  INFO 16972 --- [restartedMain] b.c.d.checkpoint.CheckpointApplication   : Started CheckpointApplication in 0.586 seconds (JVM running for 1909.565)
2021-01-05 00:44:34.180  INFO 16972 --- [restartedMain] .ConditionEvaluationDeltaLoggingListener : Condition evaluation unchanged
2021-01-05 00:45:39.535  INFO 16972 --- [Thread-616] j.LocalContainerEntityManagerFactoryBean : Closing JPA EntityManagerFactory for persistence unit 'default'
2021-01-05 00:45:39.536  INFO 16972 --- [Thread-616] o.s.s.concurrent.ThreadPoolTaskExecutor  : Shutting down ExecutorService 'applicationTaskExecutor'
2021-01-05 00:45:39.536  INFO 16972 --- [Thread-616] com.zaxxer.hikari.HikariDataSource       : HikariPool-4 - Shutdown initiated...
2021-01-05 00:45:39.545  INFO 16972 --- [Thread-616] com.zaxxer.hikari.HikariDataSource       : HikariPool-4 - Shutdown completed.
2021-01-05 00:45:39.685  INFO 16972 --- [restartedMain] b.c.d.checkpoint.CheckpointApplication   : Starting CheckpointApplication on DESKTOP-RNP5NKG with PID 16972 (C:\Users\dldjb\Documents\GitHub\checkpoint-back\target\classes started by dldjb in C:\Users\dldjb\Documents\GitHub\checkpoint-back)
2021-01-05 00:45:39.685  INFO 16972 --- [restartedMain] b.c.d.checkpoint.CheckpointApplication   : The following profiles are active: development
2021-01-05 00:45:39.892  INFO 16972 --- [restartedMain] .s.d.r.c.RepositoryConfigurationDelegate : Bootstrapping Spring Data JPA repositories in DEFERRED mode.
2021-01-05 00:45:39.914  INFO 16972 --- [restartedMain] .s.d.r.c.RepositoryConfigurationDelegate : Finished Spring Data repository scanning in 21ms. Found 2 JPA repository interfaces.
2021-01-05 00:45:39.958  INFO 16972 --- [restartedMain] trationDelegate$BeanPostProcessorChecker : Bean 'org.springframework.security.access.expression.method.DefaultMethodSecurityExpressionHandler@731f4e05' of type [org.springframework.security.access.expression.method.DefaultMethodSecurityExpressionHandler] is not eligible for getting processed by all BeanPostProcessors (for example: not eligible for auto-proxying)
2021-01-05 00:45:39.959  INFO 16972 --- [restartedMain] trationDelegate$BeanPostProcessorChecker : Bean 'methodSecurityMetadataSource' of type [org.springframework.security.access.method.DelegatingMethodSecurityMetadataSource] is not eligible for getting processed by all BeanPostProcessors (for example: not eligible for auto-proxying)
2021-01-05 00:45:40.021  INFO 16972 --- [restartedMain] o.s.b.w.embedded.tomcat.TomcatWebServer  : Tomcat initialized with port(s): 9100 (http)
2021-01-05 00:45:40.021  INFO 16972 --- [restartedMain] o.apache.catalina.core.StandardService   : Starting service [Tomcat]
2021-01-05 00:45:40.022  INFO 16972 --- [restartedMain] org.apache.catalina.core.StandardEngine  : Starting Servlet engine: [Apache Tomcat/9.0.35]
2021-01-05 00:45:40.031  INFO 16972 --- [restartedMain] o.a.c.c.C.[Tomcat].[localhost].[/]       : Initializing Spring embedded WebApplicationContext
2021-01-05 00:45:40.032  INFO 16972 --- [restartedMain] o.s.web.context.ContextLoader            : Root WebApplicationContext: initialization completed in 345 ms
2021-01-05 00:45:40.059  INFO 16972 --- [restartedMain] o.s.s.concurrent.ThreadPoolTaskExecutor  : Initializing ExecutorService 'applicationTaskExecutor'
2021-01-05 00:45:40.068  INFO 16972 --- [task-1] o.hibernate.jpa.internal.util.LogHelper  : HHH000204: Processing PersistenceUnitInfo [name: default]
2021-01-05 00:45:40.073  INFO 16972 --- [task-1] com.zaxxer.hikari.HikariDataSource       : HikariPool-5 - Starting...
2021-01-05 00:45:40.079  INFO 16972 --- [task-1] com.zaxxer.hikari.HikariDataSource       : HikariPool-5 - Start completed.
2021-01-05 00:45:40.079  INFO 16972 --- [task-1] org.hibernate.dialect.Dialect            : HHH000400: Using dialect: org.hibernate.dialect.MariaDB103Dialect
2021-01-05 00:45:40.090  WARN 16972 --- [restartedMain] JpaBaseConfiguration$JpaWebConfiguration : spring.jpa.open-in-view is enabled by default. Therefore, database queries may be performed during view rendering. Explicitly configure spring.jpa.open-in-view to disable this warning
2021-01-05 00:45:40.122  INFO 16972 --- [task-1] j.LocalContainerEntityManagerFactoryBean : Initialized JPA EntityManagerFactory for persistence unit 'default'
2021-01-05 00:45:40.127  INFO 16972 --- [restartedMain] o.s.s.web.DefaultSecurityFilterChain     : Creating filter chain: any request, [org.springframework.security.web.context.request.async.WebAsyncManagerIntegrationFilter@6d42d648, org.springframework.security.web.context.SecurityContextPersistenceFilter@28fec115, org.springframework.security.web.header.HeaderWriterFilter@7b4df274, org.springframework.web.filter.CorsFilter@8da1e39, org.springframework.security.web.authentication.logout.LogoutFilter@6ea3b6e2, org.springframework.security.web.savedrequest.RequestCacheAwareFilter@4b5d73ed, org.springframework.security.web.servletapi.SecurityContextHolderAwareRequestFilter@5f17f6a0, org.springframework.security.web.authentication.AnonymousAuthenticationFilter@391d8a1d, org.springframework.security.web.session.SessionManagementFilter@2df8517c, org.springframework.security.web.access.ExceptionTranslationFilter@47cf790, org.springframework.security.web.access.intercept.FilterSecurityInterceptor@46263be0]
2021-01-05 00:45:40.131  INFO 16972 --- [task-2] o.s.b.d.a.OptionalLiveReloadServer       : LiveReload server is running on port 35729
2021-01-05 00:45:40.226  INFO 16972 --- [restartedMain] o.s.b.w.embedded.tomcat.TomcatWebServer  : Tomcat started on port(s): 9100 (http) with context path ''
2021-01-05 00:45:40.226  INFO 16972 --- [restartedMain] DeferredRepositoryInitializationListener : Triggering deferred initialization of Spring Data repositories…
2021-01-05 00:45:40.251  INFO 16972 --- [restartedMain] DeferredRepositoryInitializationListener : Spring Data repositories initialized!
2021-01-05 00:45:40.253  INFO 16972 --- [restartedMain] b.c.d.checkpoint.CheckpointApplication   : Started CheckpointApplication in 0.59 seconds (JVM running for 1975.638)
2021-01-05 00:45:40.253  INFO 16972 --- [restartedMain] .ConditionEvaluationDeltaLoggingListener : Condition evaluation unchanged
2021-01-05 00:45:45.480  INFO 16972 --- [http-nio-9100-exec-1] o.a.c.c.C.[Tomcat].[localhost].[/]       : Initializing Spring DispatcherServlet 'dispatcherServlet'
2021-01-05 00:45:45.480  INFO 16972 --- [http-nio-9100-exec-1] o.s.web.servlet.DispatcherServlet        : Initializing Servlet 'dispatcherServlet'
2021-01-05 00:45:45.482  INFO 16972 --- [http-nio-9100-exec-1] o.s.web.servlet.DispatcherServlet        : Completed initialization in 1 ms
